# JRE version: OpenJDK Runtime Environment (17.0.10) (build 17.0.10+0--11572160)
# Java VM: OpenJDK 64-Bit Server VM (17.0.10+0--11572160, mixed mode, tiered, compressed oops, compressed class ptrs, g1 gc, windows-amd64)
GC Precious Log:
 CPUs: 8 total, 8 available
 Memory: 8089M
 Large Page Support: Disabled
 NUMA Support: Disabled
 Compressed Oops: Enabled (32-bit)
 Heap Region Size: 1M
 Heap Min Capacity: 8M
 Heap Initial Capacity: 128M
 Heap Max Capacity: 2G
 Pre-touch: Disabled
 Parallel Workers: 8
 Concurrent Workers: 2
 Concurrent Refinement Workers: 8
 Periodic GC: Disabled
Heap:
 garbage-first heap   total 495616K, used 390589K [0x0000000080000000, 0x0000000100000000)
  region size 1024K, 10 young (10240K), 2 survivors (2048K)
 Metaspace       used 347969K, committed 350528K, reserved 1376256K
  class space    used 43975K, committed 44992K, reserved 1048576K
GC Heap History (20 events):
Event: 4269.534 GC heap before
{Heap before GC invocations=139 (full 1):
 garbage-first heap   total 495616K, used 433999K [0x0000000080000000, 0x0000000100000000)
  region size 1024K, 29 young (29696K), 1 survivors (1024K)
 Metaspace       used 346274K, committed 347968K, reserved 1376256K
  class space    used 43861K, committed 44672K, reserved 1048576K
}
Event: 4269.536 GC heap after
{Heap after GC invocations=140 (full 1):
 garbage-first heap   total 495616K, used 405317K [0x0000000080000000, 0x0000000100000000)
  region size 1024K, 1 young (1024K), 1 survivors (1024K)
 Metaspace       used 346274K, committed 347968K, reserved 1376256K
  class space    used 43861K, committed 44672K, reserved 1048576K
}
Event: 4271.204 GC heap before
{Heap before GC invocations=140 (full 1):
 garbage-first heap   total 495616K, used 432965K [0x0000000080000000, 0x0000000100000000)
  region size 1024K, 29 young (29696K), 1 survivors (1024K)
 Metaspace       used 346954K, committed 348736K, reserved 1376256K
  class space    used 43936K, committed 44800K, reserved 1048576K
}
Event: 4271.208 GC heap after
{Heap after GC invocations=141 (full 1):
 garbage-first heap   total 495616K, used 405249K [0x0000000080000000, 0x0000000100000000)
  region size 1024K, 3 young (3072K), 3 survivors (3072K)
 Metaspace       used 346954K, committed 348736K, reserved 1376256K
  class space    used 43936K, committed 44800K, reserved 1048576K
}
Event: 4271.624 GC heap before
{Heap before GC invocations=141 (full 1):
 garbage-first heap   total 495616K, used 432897K [0x0000000080000000, 0x0000000100000000)
  region size 1024K, 30 young (30720K), 3 survivors (3072K)
 Metaspace       used 347119K, committed 348864K, reserved 1376256K
  class space    used 43957K, committed 44800K, reserved 1048576K
}
Event: 4271.630 GC heap after
{Heap after GC invocations=142 (full 1):
 garbage-first heap   total 495616K, used 408316K [0x0000000080000000, 0x0000000100000000)
  region size 1024K, 4 young (4096K), 4 survivors (4096K)
 Metaspace       used 347119K, committed 348864K, reserved 1376256K
  class space    used 43957K, committed 44800K, reserved 1048576K
}
Event: 4272.202 GC heap before
{Heap before GC invocations=142 (full 1):
 garbage-first heap   total 495616K, used 430844K [0x0000000080000000, 0x0000000100000000)
  region size 1024K, 26 young (26624K), 4 survivors (4096K)
 Metaspace       used 347149K, committed 348928K, reserved 1376256K
  class space    used 43957K, committed 44800K, reserved 1048576K
}
Event: 4272.210 GC heap after
{Heap after GC invocations=143 (full 1):
 garbage-first heap   total 495616K, used 409953K [0x0000000080000000, 0x0000000100000000)
  region size 1024K, 3 young (3072K), 3 survivors (3072K)
 Metaspace       used 347149K, committed 348928K, reserved 1376256K
  class space    used 43957K, committed 44800K, reserved 1048576K
}
Event: 4272.669 GC heap before
{Heap before GC invocations=143 (full 1):
 garbage-first heap   total 495616K, used 430433K [0x0000000080000000, 0x0000000100000000)
  region size 1024K, 24 young (24576K), 3 survivors (3072K)
 Metaspace       used 347307K, committed 349056K, reserved 1376256K
  class space    used 43979K, committed 44800K, reserved 1048576K
}
Event: 4272.673 GC heap after
{Heap after GC invocations=144 (full 1):
 garbage-first heap   total 495616K, used 410722K [0x0000000080000000, 0x0000000100000000)
  region size 1024K, 2 young (2048K), 2 survivors (2048K)
 Metaspace       used 347307K, committed 349056K, reserved 1376256K
  class space    used 43979K, committed 44800K, reserved 1048576K
}
Event: 4272.934 GC heap before
{Heap before GC invocations=144 (full 1):
 garbage-first heap   total 495616K, used 432226K [0x0000000080000000, 0x0000000100000000)
  region size 1024K, 24 young (24576K), 2 survivors (2048K)
 Metaspace       used 347506K, committed 349312K, reserved 1376256K
  class space    used 44005K, committed 44864K, reserved 1048576K
}
Event: 4272.939 GC heap after
{Heap after GC invocations=145 (full 1):
 garbage-first heap   total 495616K, used 412506K [0x0000000080000000, 0x0000000100000000)
  region size 1024K, 3 young (3072K), 3 survivors (3072K)
 Metaspace       used 347506K, committed 349312K, reserved 1376256K
  class space    used 44005K, committed 44864K, reserved 1048576K
}
Event: 4273.966 GC heap before
{Heap before GC invocations=145 (full 1):
 garbage-first heap   total 495616K, used 432986K [0x0000000080000000, 0x0000000100000000)
  region size 1024K, 24 young (24576K), 3 survivors (3072K)
 Metaspace       used 347511K, committed 349312K, reserved 1376256K
  class space    used 44005K, committed 44864K, reserved 1048576K
}
Event: 4273.971 GC heap after
{Heap after GC invocations=146 (full 1):
 garbage-first heap   total 495616K, used 414235K [0x0000000080000000, 0x0000000100000000)
  region size 1024K, 3 young (3072K), 3 survivors (3072K)
 Metaspace       used 347511K, committed 349312K, reserved 1376256K
  class space    used 44005K, committed 44864K, reserved 1048576K
}
Event: 4274.163 GC heap before
{Heap before GC invocations=146 (full 1):
 garbage-first heap   total 495616K, used 434715K [0x0000000080000000, 0x0000000100000000)
  region size 1024K, 24 young (24576K), 3 survivors (3072K)
 Metaspace       used 347918K, committed 349760K, reserved 1376256K
  class space    used 44058K, committed 44928K, reserved 1048576K
}
Event: 4274.170 GC heap after
{Heap after GC invocations=147 (full 1):
 garbage-first heap   total 495616K, used 417558K [0x0000000080000000, 0x0000000100000000)
  region size 1024K, 3 young (3072K), 3 survivors (3072K)
 Metaspace       used 347918K, committed 349760K, reserved 1376256K
  class space    used 44058K, committed 44928K, reserved 1048576K
}
Event: 4274.266 GC heap before
{Heap before GC invocations=147 (full 1):
 garbage-first heap   total 495616K, used 429846K [0x0000000080000000, 0x0000000100000000)
  region size 1024K, 10 young (10240K), 3 survivors (3072K)
 Metaspace       used 348091K, committed 349952K, reserved 1376256K
  class space    used 44073K, committed 44928K, reserved 1048576K
}
Event: 4274.272 GC heap after
{Heap after GC invocations=148 (full 1):
 garbage-first heap   total 495616K, used 424792K [0x0000000080000000, 0x0000000100000000)
  region size 1024K, 1 young (1024K), 1 survivors (1024K)
 Metaspace       used 348091K, committed 349952K, reserved 1376256K
  class space    used 44073K, committed 44928K, reserved 1048576K
}
Event: 4274.611 GC heap before
{Heap before GC invocations=148 (full 1):
 garbage-first heap   total 495616K, used 449368K [0x0000000080000000, 0x0000000100000000)
  region size 1024K, 24 young (24576K), 1 survivors (1024K)
 Metaspace       used 348530K, committed 350400K, reserved 1376256K
  class space    used 44108K, committed 44992K, reserved 1048576K
}
Event: 4274.615 GC heap after
{Heap after GC invocations=149 (full 1):
 garbage-first heap   total 495616K, used 419261K [0x0000000080000000, 0x0000000100000000)
  region size 1024K, 2 young (2048K), 2 survivors (2048K)
 Metaspace       used 348530K, committed 350400K, reserved 1376256K
  class space    used 44108K, committed 44992K, reserved 1048576K
}

