# JRE version: OpenJDK Runtime Environment (17.0.10) (build 17.0.10+0--11572160)
# Java VM: OpenJDK 64-Bit Server VM (17.0.10+0--11572160, mixed mode, tiered, compressed oops, compressed class ptrs, g1 gc, windows-amd64)
GC Precious Log:
 CPUs: 8 total, 8 available
 Memory: 8089M
 Large Page Support: Disabled
 NUMA Support: Disabled
 Compressed Oops: Enabled (32-bit)
 Heap Region Size: 1M
 Heap Min Capacity: 8M
 Heap Initial Capacity: 128M
 Heap Max Capacity: 2024M
 Pre-touch: Disabled
 Parallel Workers: 8
 Concurrent Workers: 2
 Concurrent Refinement Workers: 8
 Periodic GC: Disabled
Heap:
 garbage-first heap   total 131072K, used 58295K [0x0000000081800000, 0x0000000100000000)
  region size 1024K, 3 young (3072K), 3 survivors (3072K)
 Metaspace       used 71444K, committed 71808K, reserved 1114112K
  class space    used 8279K, committed 8448K, reserved 1048576K
GC Heap History (20 events):
Event: 3.189 GC heap after
{Heap after GC invocations=12 (full 0):
 garbage-first heap   total 62464K, used 24688K [0x0000000081800000, 0x0000000100000000)
  region size 1024K, 3 young (3072K), 3 survivors (3072K)
 Metaspace       used 45801K, committed 46080K, reserved 1114112K
  class space    used 5630K, committed 5760K, reserved 1048576K
}
Event: 3.602 GC heap before
{Heap before GC invocations=12 (full 0):
 garbage-first heap   total 62464K, used 47216K [0x0000000081800000, 0x0000000100000000)
  region size 1024K, 23 young (23552K), 3 survivors (3072K)
 Metaspace       used 49209K, committed 49408K, reserved 1114112K
  class space    used 6001K, committed 6080K, reserved 1048576K
}
Event: 3.611 GC heap after
{Heap after GC invocations=13 (full 0):
 garbage-first heap   total 75776K, used 29696K [0x0000000081800000, 0x0000000100000000)
  region size 1024K, 3 young (3072K), 3 survivors (3072K)
 Metaspace       used 49209K, committed 49408K, reserved 1114112K
  class space    used 6001K, committed 6080K, reserved 1048576K
}
Event: 4.197 GC heap before
{Heap before GC invocations=13 (full 0):
 garbage-first heap   total 75776K, used 57344K [0x0000000081800000, 0x0000000100000000)
  region size 1024K, 29 young (29696K), 3 survivors (3072K)
 Metaspace       used 51324K, committed 51584K, reserved 1114112K
  class space    used 6192K, committed 6272K, reserved 1048576K
}
Event: 4.215 GC heap after
{Heap after GC invocations=14 (full 0):
 garbage-first heap   total 75776K, used 35111K [0x0000000081800000, 0x0000000100000000)
  region size 1024K, 4 young (4096K), 4 survivors (4096K)
 Metaspace       used 51324K, committed 51584K, reserved 1114112K
  class space    used 6192K, committed 6272K, reserved 1048576K
}
Event: 4.339 GC heap before
{Heap before GC invocations=14 (full 0):
 garbage-first heap   total 75776K, used 56615K [0x0000000081800000, 0x0000000100000000)
  region size 1024K, 25 young (25600K), 4 survivors (4096K)
 Metaspace       used 51428K, committed 51648K, reserved 1114112K
  class space    used 6193K, committed 6272K, reserved 1048576K
}
Event: 4.350 GC heap after
{Heap after GC invocations=15 (full 0):
 garbage-first heap   total 75776K, used 36175K [0x0000000081800000, 0x0000000100000000)
  region size 1024K, 1 young (1024K), 1 survivors (1024K)
 Metaspace       used 51428K, committed 51648K, reserved 1114112K
  class space    used 6193K, committed 6272K, reserved 1048576K
}
Event: 4.748 GC heap before
{Heap before GC invocations=15 (full 0):
 garbage-first heap   total 75776K, used 56655K [0x0000000081800000, 0x0000000100000000)
  region size 1024K, 22 young (22528K), 1 survivors (1024K)
 Metaspace       used 53135K, committed 53376K, reserved 1114112K
  class space    used 6351K, committed 6464K, reserved 1048576K
}
Event: 4.758 GC heap after
{Heap after GC invocations=16 (full 0):
 garbage-first heap   total 75776K, used 39272K [0x0000000081800000, 0x0000000100000000)
  region size 1024K, 3 young (3072K), 3 survivors (3072K)
 Metaspace       used 53135K, committed 53376K, reserved 1114112K
  class space    used 6351K, committed 6464K, reserved 1048576K
}
Event: 5.024 GC heap before
{Heap before GC invocations=17 (full 0):
 garbage-first heap   total 75776K, used 58728K [0x0000000081800000, 0x0000000100000000)
  region size 1024K, 22 young (22528K), 3 survivors (3072K)
 Metaspace       used 54181K, committed 54336K, reserved 1114112K
  class space    used 6468K, committed 6528K, reserved 1048576K
}
Event: 5.034 GC heap after
{Heap after GC invocations=18 (full 0):
 garbage-first heap   total 75776K, used 42265K [0x0000000081800000, 0x0000000100000000)
  region size 1024K, 3 young (3072K), 3 survivors (3072K)
 Metaspace       used 54181K, committed 54336K, reserved 1114112K
  class space    used 6468K, committed 6528K, reserved 1048576K
}
Event: 5.037 GC heap before
{Heap before GC invocations=18 (full 0):
 garbage-first heap   total 75776K, used 43289K [0x0000000081800000, 0x0000000100000000)
  region size 1024K, 4 young (4096K), 3 survivors (3072K)
 Metaspace       used 54186K, committed 54336K, reserved 1114112K
  class space    used 6468K, committed 6528K, reserved 1048576K
}
Event: 5.047 GC heap after
{Heap after GC invocations=19 (full 0):
 garbage-first heap   total 110592K, used 40937K [0x0000000081800000, 0x0000000100000000)
  region size 1024K, 1 young (1024K), 1 survivors (1024K)
 Metaspace       used 54186K, committed 54336K, reserved 1114112K
  class space    used 6468K, committed 6528K, reserved 1048576K
}
Event: 5.964 GC heap before
{Heap before GC invocations=19 (full 0):
 garbage-first heap   total 110592K, used 82921K [0x0000000081800000, 0x0000000100000000)
  region size 1024K, 42 young (43008K), 1 survivors (1024K)
 Metaspace       used 56118K, committed 56320K, reserved 1114112K
  class space    used 6608K, committed 6720K, reserved 1048576K
}
Event: 5.974 GC heap after
{Heap after GC invocations=20 (full 0):
 garbage-first heap   total 110592K, used 45805K [0x0000000081800000, 0x0000000100000000)
  region size 1024K, 6 young (6144K), 6 survivors (6144K)
 Metaspace       used 56118K, committed 56320K, reserved 1114112K
  class space    used 6608K, committed 6720K, reserved 1048576K
}
Event: 6.830 GC heap before
{Heap before GC invocations=20 (full 0):
 garbage-first heap   total 110592K, used 83693K [0x0000000081800000, 0x0000000100000000)
  region size 1024K, 43 young (44032K), 6 survivors (6144K)
 Metaspace       used 62700K, committed 62976K, reserved 1114112K
  class space    used 7294K, committed 7424K, reserved 1048576K
}
Event: 6.852 GC heap after
{Heap after GC invocations=21 (full 0):
 garbage-first heap   total 110592K, used 49838K [0x0000000081800000, 0x0000000100000000)
  region size 1024K, 4 young (4096K), 4 survivors (4096K)
 Metaspace       used 62700K, committed 62976K, reserved 1114112K
  class space    used 7294K, committed 7424K, reserved 1048576K
}
Event: 7.830 GC heap before
{Heap before GC invocations=21 (full 0):
 garbage-first heap   total 110592K, used 85678K [0x0000000081800000, 0x0000000100000000)
  region size 1024K, 39 young (39936K), 4 survivors (4096K)
 Metaspace       used 66278K, committed 66624K, reserved 1114112K
  class space    used 7706K, committed 7872K, reserved 1048576K
}
Event: 7.849 GC heap after
{Heap after GC invocations=22 (full 0):
 garbage-first heap   total 110592K, used 55296K [0x0000000081800000, 0x0000000100000000)
  region size 1024K, 5 young (5120K), 5 survivors (5120K)
 Metaspace       used 66278K, committed 66624K, reserved 1114112K
  class space    used 7706K, committed 7872K, reserved 1048576K
}
Event: 8.610 GC heap before
{Heap before GC invocations=22 (full 0):
 garbage-first heap   total 110592K, used 87040K [0x0000000081800000, 0x0000000100000000)
  region size 1024K, 36 young (36864K), 5 survivors (5120K)
 Metaspace       used 71444K, committed 71808K, reserved 1114112K
  class space    used 8279K, committed 8448K, reserved 1048576K
}

