# JRE version: OpenJDK Runtime Environment (17.0.10) (build 17.0.10+0--11572160)
# Java VM: OpenJDK 64-Bit Server VM (17.0.10+0--11572160, mixed mode, tiered, compressed oops, compressed class ptrs, g1 gc, windows-amd64)
GC Precious Log:
 CPUs: 8 total, 8 available
 Memory: 8089M
 Large Page Support: Disabled
 NUMA Support: Disabled
 Compressed Oops: Enabled (32-bit)
 Heap Region Size: 1M
 Heap Min Capacity: 8M
 Heap Initial Capacity: 128M
 Heap Max Capacity: 2G
 Pre-touch: Disabled
 Parallel Workers: 8
 Concurrent Workers: 2
 Concurrent Refinement Workers: 8
 Periodic GC: Disabled
Heap:
 garbage-first heap   total 342016K, used 146122K [0x0000000080000000, 0x0000000100000000)
  region size 1024K, 12 young (12288K), 12 survivors (12288K)
 Metaspace       used 144120K, committed 145216K, reserved 1179648K
  class space    used 19838K, committed 20416K, reserved 1048576K
GC Heap History (20 events):
Event: 1812.134 GC heap after
{Heap after GC invocations=72 (full 0):
 garbage-first heap   total 342016K, used 156181K [0x0000000080000000, 0x0000000100000000)
  region size 1024K, 2 young (2048K), 2 survivors (2048K)
 Metaspace       used 141947K, committed 142976K, reserved 1179648K
  class space    used 19822K, committed 20352K, reserved 1048576K
}
Event: 1815.507 GC heap before
{Heap before GC invocations=72 (full 0):
 garbage-first heap   total 342016K, used 231957K [0x0000000080000000, 0x0000000100000000)
  region size 1024K, 78 young (79872K), 2 survivors (2048K)
 Metaspace       used 142339K, committed 143360K, reserved 1179648K
  class space    used 19842K, committed 20352K, reserved 1048576K
}
Event: 1815.512 GC heap after
{Heap after GC invocations=73 (full 0):
 garbage-first heap   total 342016K, used 157558K [0x0000000080000000, 0x0000000100000000)
  region size 1024K, 3 young (3072K), 3 survivors (3072K)
 Metaspace       used 142339K, committed 143360K, reserved 1179648K
  class space    used 19842K, committed 20352K, reserved 1048576K
}
Event: 2266.306 GC heap before
{Heap before GC invocations=74 (full 0):
 garbage-first heap   total 342016K, used 296822K [0x0000000080000000, 0x0000000100000000)
  region size 1024K, 122 young (124928K), 3 survivors (3072K)
 Metaspace       used 142773K, committed 143872K, reserved 1179648K
  class space    used 19877K, committed 20416K, reserved 1048576K
}
Event: 2266.320 GC heap after
{Heap after GC invocations=75 (full 0):
 garbage-first heap   total 342016K, used 165939K [0x0000000080000000, 0x0000000100000000)
  region size 1024K, 15 young (15360K), 15 survivors (15360K)
 Metaspace       used 142773K, committed 143872K, reserved 1179648K
  class space    used 19877K, committed 20416K, reserved 1048576K
}
Event: 2266.326 GC heap before
{Heap before GC invocations=75 (full 0):
 garbage-first heap   total 342016K, used 166963K [0x0000000080000000, 0x0000000100000000)
  region size 1024K, 16 young (16384K), 15 survivors (15360K)
 Metaspace       used 142773K, committed 143872K, reserved 1179648K
  class space    used 19877K, committed 20416K, reserved 1048576K
}
Event: 2266.354 GC heap after
{Heap after GC invocations=76 (full 0):
 garbage-first heap   total 342016K, used 152116K [0x0000000080000000, 0x0000000100000000)
  region size 1024K, 1 young (1024K), 1 survivors (1024K)
 Metaspace       used 142773K, committed 143872K, reserved 1179648K
  class space    used 19877K, committed 20416K, reserved 1048576K
}
Event: 2268.717 GC heap before
{Heap before GC invocations=76 (full 0):
 garbage-first heap   total 342016K, used 193076K [0x0000000080000000, 0x0000000100000000)
  region size 1024K, 43 young (44032K), 1 survivors (1024K)
 Metaspace       used 143069K, committed 144192K, reserved 1179648K
  class space    used 19888K, committed 20416K, reserved 1048576K
}
Event: 2268.719 GC heap after
{Heap after GC invocations=77 (full 0):
 garbage-first heap   total 342016K, used 152391K [0x0000000080000000, 0x0000000100000000)
  region size 1024K, 2 young (2048K), 2 survivors (2048K)
 Metaspace       used 143069K, committed 144192K, reserved 1179648K
  class space    used 19888K, committed 20416K, reserved 1048576K
}
Event: 2380.439 GC heap before
{Heap before GC invocations=78 (full 0):
 garbage-first heap   total 342016K, used 300871K [0x0000000080000000, 0x0000000100000000)
  region size 1024K, 127 young (130048K), 2 survivors (2048K)
 Metaspace       used 143106K, committed 144320K, reserved 1179648K
  class space    used 19815K, committed 20416K, reserved 1048576K
}
Event: 2380.454 GC heap after
{Heap after GC invocations=79 (full 0):
 garbage-first heap   total 342016K, used 164739K [0x0000000080000000, 0x0000000100000000)
  region size 1024K, 14 young (14336K), 14 survivors (14336K)
 Metaspace       used 143106K, committed 144320K, reserved 1179648K
  class space    used 19815K, committed 20416K, reserved 1048576K
}
Event: 2380.460 GC heap before
{Heap before GC invocations=79 (full 0):
 garbage-first heap   total 342016K, used 166787K [0x0000000080000000, 0x0000000100000000)
  region size 1024K, 16 young (16384K), 14 survivors (14336K)
 Metaspace       used 143111K, committed 144320K, reserved 1179648K
  class space    used 19815K, committed 20416K, reserved 1048576K
}
Event: 2380.489 GC heap after
{Heap after GC invocations=80 (full 0):
 garbage-first heap   total 342016K, used 144939K [0x0000000080000000, 0x0000000100000000)
  region size 1024K, 2 young (2048K), 2 survivors (2048K)
 Metaspace       used 143111K, committed 144320K, reserved 1179648K
  class space    used 19815K, committed 20416K, reserved 1048576K
}
Event: 2380.735 GC heap before
{Heap before GC invocations=80 (full 0):
 garbage-first heap   total 342016K, used 183851K [0x0000000080000000, 0x0000000100000000)
  region size 1024K, 42 young (43008K), 2 survivors (2048K)
 Metaspace       used 143283K, committed 144448K, reserved 1179648K
  class space    used 19817K, committed 20416K, reserved 1048576K
}
Event: 2380.738 GC heap after
{Heap after GC invocations=81 (full 0):
 garbage-first heap   total 342016K, used 144563K [0x0000000080000000, 0x0000000100000000)
  region size 1024K, 2 young (2048K), 2 survivors (2048K)
 Metaspace       used 143283K, committed 144448K, reserved 1179648K
  class space    used 19817K, committed 20416K, reserved 1048576K
}
Event: 2473.652 GC heap before
{Heap before GC invocations=82 (full 0):
 garbage-first heap   total 342016K, used 296115K [0x0000000080000000, 0x0000000100000000)
  region size 1024K, 130 young (133120K), 2 survivors (2048K)
 Metaspace       used 143711K, committed 144832K, reserved 1179648K
  class space    used 19835K, committed 20416K, reserved 1048576K
}
Event: 2473.657 GC heap after
{Heap after GC invocations=83 (full 0):
 garbage-first heap   total 342016K, used 145444K [0x0000000080000000, 0x0000000100000000)
  region size 1024K, 2 young (2048K), 2 survivors (2048K)
 Metaspace       used 143711K, committed 144832K, reserved 1179648K
  class space    used 19835K, committed 20416K, reserved 1048576K
}
Event: 2473.760 GC heap before
{Heap before GC invocations=83 (full 0):
 garbage-first heap   total 342016K, used 158756K [0x0000000080000000, 0x0000000100000000)
  region size 1024K, 16 young (16384K), 2 survivors (2048K)
 Metaspace       used 143713K, committed 144832K, reserved 1179648K
  class space    used 19835K, committed 20416K, reserved 1048576K
}
Event: 2473.771 GC heap after
{Heap after GC invocations=84 (full 0):
 garbage-first heap   total 342016K, used 136860K [0x0000000080000000, 0x0000000100000000)
  region size 1024K, 2 young (2048K), 2 survivors (2048K)
 Metaspace       used 143713K, committed 144832K, reserved 1179648K
  class space    used 19835K, committed 20416K, reserved 1048576K
}
Event: 2476.559 GC heap before
{Heap before GC invocations=84 (full 0):
 garbage-first heap   total 342016K, used 250524K [0x0000000080000000, 0x0000000100000000)
  region size 1024K, 115 young (117760K), 2 survivors (2048K)
 Metaspace       used 144120K, committed 145216K, reserved 1179648K
  class space    used 19838K, committed 20416K, reserved 1048576K
}

